<<
[
 _TEAction |-> [
   position |-> 1,
   name |-> "Initial predicate",
   location |-> "Unknown location"
 ],
 cache |-> (k1 :> [type |-> "miss"]),
 cacheFillStates |-> (k1 :> [version |-> 0, state |-> "inactive"]),
 database |-> (k1 :> 0),
 invalidationQueue |-> {}
],
[
 _TEAction |-> [
   position |-> 2,
   name |-> "CacheStartReadThroughFill",
   location |-> "line 63, col 5 to line 67, col 55 of module cacheinvalidationv3"
 ],
 cache |-> (k1 :> [type |-> "miss"]),
 cacheFillStates |-> (k1 :> [version |-> 0, state |-> "started"]),
 database |-> (k1 :> 0),
 invalidationQueue |-> {}
],
[
 _TEAction |-> [
   position |-> 3,
   name |-> "DatabaseRespondToCacheFill",
   location |-> "line 71, col 5 to line 76, col 55 of module cacheinvalidationv3"
 ],
 cache |-> (k1 :> [type |-> "miss"]),
 cacheFillStates |-> (k1 :> [version |-> 0, state |-> "respondedto"]),
 database |-> (k1 :> 0),
 invalidationQueue |-> {}
],
[
 _TEAction |-> [
   position |-> 4,
   name |-> "DatabaseUpdate",
   location |-> "line 50, col 5 to line 58, col 43 of module cacheinvalidationv3"
 ],
 cache |-> (k1 :> [type |-> "miss"]),
 cacheFillStates |-> (k1 :> [version |-> 0, state |-> "respondedto"]),
 database |-> (k1 :> 1),
 invalidationQueue |-> {[key |-> k1, version |-> 1]}
],
[
 _TEAction |-> [
   position |-> 5,
   name |-> "CacheHandleInvalidationMessage",
   location |-> "line 126, col 5 to line 144, col 46 of module cacheinvalidationv3"
 ],
 cache |-> (k1 :> [version |-> 1, type |-> "hit"]),
 cacheFillStates |-> (k1 :> [version |-> 0, state |-> "respondedto"]),
 database |-> (k1 :> 1),
 invalidationQueue |-> {}
],
[
 _TEAction |-> [
   position |-> 6,
   name |-> "CacheEvict",
   location |-> "line 162, col 5 to line 164, col 65 of module cacheinvalidationv3"
 ],
 cache |-> (k1 :> [type |-> "miss"]),
 cacheFillStates |-> (k1 :> [version |-> 0, state |-> "respondedto"]),
 database |-> (k1 :> 1),
 invalidationQueue |-> {}
],
[
 _TEAction |-> [
   position |-> 7,
   name |-> "CacheCompleteFill",
   location |-> "line 90, col 5 to line 108, col 48 of module cacheinvalidationv3"
 ],
 cache |-> (k1 :> [version |-> 0, type |-> "hit"]),
 cacheFillStates |-> (k1 :> [version |-> 0, state |-> "inactive"]),
 database |-> (k1 :> 1),
 invalidationQueue |-> {}
]
>>